<?xml version="1.0" encoding="UTF-8"?>
<!-- Generated by org.testng.reporters.JUnitReportReporter -->
<testsuite hostname="Geetha" failures="0" tests="5" name="restassuredproj.TekArchEndToEnd" time="23.256" errors="0" timestamp="2023-06-24T09:15:08 PDT" skipped="0">
  <testcase classname="restassuredproj.TekArchEndToEnd" name="updateUser" time="2.391"/>
  <system-out/>
  <testcase classname="restassuredproj.TekArchEndToEnd" name="createUser" time="2.187"/>
  <system-out/>
  <testcase classname="restassuredproj.TekArchEndToEnd" name="deleteUser" time="0.210"/>
  <system-out/>
  <testcase classname="restassuredproj.TekArchEndToEnd" name="getUsers" time="16.026"/>
  <system-out/>
  <testcase classname="restassuredproj.TekArchEndToEnd" name="LoginToApi" time="2.442"/>
  <system-out/>
</testsuite> <!-- restassuredproj.TekArchEndToEnd -->
