<?xml version="1.0" encoding="UTF-8"?>
<!-- Generated by org.testng.reporters.JUnitReportReporter -->
<testsuite hostname="Geetha" failures="0" tests="2" name="restassuredproj.SimpleRestApi1" time="5.083" errors="0" timestamp="2023-06-22T16:20:18 PDT" skipped="0">
  <testcase classname="restassuredproj.SimpleRestApi1" name="TestFakeRestApi" time="4.206"/>
  <system-out/>
  <testcase classname="restassuredproj.SimpleRestApi1" name="TestItAgain" time="0.877"/>
  <system-out/>
</testsuite> <!-- restassuredproj.SimpleRestApi1 -->
