<?xml version="1.0" encoding="UTF-8"?>
<!-- Generated by org.testng.reporters.JUnitReportReporter -->
<testsuite hostname="Geetha" failures="0" tests="2" name="com.test.simpleCRUD.UpdateUser" time="20.823" errors="0" timestamp="2023-06-25T09:43:28 PDT" skipped="0">
  <testcase classname="com.test.simpleCRUD.UpdateUser" name="updateUser" time="17.936"/>
  <system-out/>
  <testcase classname="com.test.simpleCRUD.UpdateUser" name="login" time="2.887"/>
  <system-out/>
</testsuite> <!-- com.test.simpleCRUD.UpdateUser -->
