<?xml version="1.0" encoding="UTF-8"?>
<!-- Generated by org.testng.reporters.JUnitReportReporter -->
<testsuite hostname="Geetha" failures="0" tests="1" name="restassuredproj.RestAssuredTest1" time="2.621" errors="0" timestamp="2023-06-23T07:02:25 PDT" skipped="0">
  <testcase classname="restassuredproj.RestAssuredTest1" name="resReqTest" time="2.621"/>
  <system-out/>
</testsuite> <!-- restassuredproj.RestAssuredTest1 -->
