<?xml version="1.0" encoding="UTF-8"?>
<!-- Generated by org.testng.reporters.JUnitReportReporter -->
<testsuite hostname="Geetha" failures="0" tests="1" name="restassuredproj.LoginTekarch" time="4.357" errors="0" timestamp="2023-06-23T09:59:54 PDT" skipped="0">
  <testcase classname="restassuredproj.LoginTekarch" name="loginToApi1" time="4.357"/>
  <system-out/>
</testsuite> <!-- restassuredproj.LoginTekarch -->
