<?xml version="1.0" encoding="UTF-8"?>
<!-- Generated by org.testng.reporters.JUnitReportReporter -->
<testsuite hostname="Geetha" failures="0" tests="2" name="com.test.simpleCRUD.GetUsers" time="8.557" errors="0" timestamp="2023-06-25T07:23:57 PDT" skipped="0">
  <testcase classname="com.test.simpleCRUD.GetUsers" name="getUsers" time="6.631"/>
  <system-out/>
  <testcase classname="com.test.simpleCRUD.GetUsers" name="login" time="1.926"/>
  <system-out/>
</testsuite> <!-- com.test.simpleCRUD.GetUsers -->
