<?xml version="1.0" encoding="UTF-8"?>
<!-- Generated by org.testng.reporters.JUnitReportReporter -->
<testsuite hostname="Geetha" failures="0" tests="1" name="com.test.scripts.LoginTekarch" time="3.271" errors="0" timestamp="2023-06-24T17:53:45 PDT" skipped="0">
  <testcase classname="com.test.scripts.LoginTekarch" name="loginToApi1" time="3.271"/>
  <system-out/>
</testsuite> <!-- com.test.scripts.LoginTekarch -->
