<?xml version="1.0" encoding="UTF-8"?>
<!-- Generated by org.testng.reporters.JUnitReportReporter -->
<testsuite hostname="Geetha" failures="0" tests="2" name="restassuredproj.TekArchUpdateUser" time="2.592" errors="0" timestamp="2023-06-23T20:14:48 PDT" skipped="0">
  <testcase classname="restassuredproj.TekArchUpdateUser" name="loginApi1" time="2.333"/>
  <system-out/>
  <testcase classname="restassuredproj.TekArchUpdateUser" name="updateUser" time="0.259"/>
  <system-out/>
</testsuite> <!-- restassuredproj.TekArchUpdateUser -->
