<?xml version="1.0" encoding="UTF-8"?>
<!-- Generated by org.testng.reporters.JUnitReportReporter -->
<testsuite hostname="Geetha" failures="0" tests="2" name="com.test.scripts.TekArchAssignments" time="13.094" errors="0" timestamp="2023-07-17T05:55:24 PDT" skipped="0">
  <testcase classname="com.test.scripts.TekArchAssignments" name="loginToApi1" time="5.492"/>
  <system-out/>
  <testcase classname="com.test.scripts.TekArchAssignments" name="getTotalRecLessThan10K" time="7.602"/>
  <system-out/>
</testsuite> <!-- com.test.scripts.TekArchAssignments -->
