<?xml version="1.0" encoding="UTF-8"?>
<!-- Generated by org.testng.reporters.JUnitReportReporter -->
<testsuite hostname="Geetha" failures="0" tests="3" name="restassuredproj.TekArchDeleteUser" time="20.580" errors="0" timestamp="2023-06-24T09:12:56 PDT" skipped="0">
  <testcase classname="restassuredproj.TekArchDeleteUser" name="loginApi1" time="2.461"/>
  <system-out/>
  <testcase classname="restassuredproj.TekArchDeleteUser" name="getUsers" time="15.807"/>
  <system-out/>
  <testcase classname="restassuredproj.TekArchDeleteUser" name="deleteUser" time="2.312"/>
  <system-out/>
</testsuite> <!-- restassuredproj.TekArchDeleteUser -->
