<?xml version="1.0" encoding="UTF-8"?>
<!-- Generated by org.testng.reporters.JUnitReportReporter -->
<testsuite hostname="Geetha" failures="0" tests="2" name="com.test.simpleCRUD.AddUser" time="5.685" errors="0" timestamp="2023-06-25T10:10:16 PDT" skipped="0">
  <testcase classname="com.test.simpleCRUD.AddUser" name="login" time="3.549"/>
  <system-out/>
  <testcase classname="com.test.simpleCRUD.AddUser" name="CreateUser" time="2.136"/>
  <system-out/>
</testsuite> <!-- com.test.simpleCRUD.AddUser -->
