<?xml version="1.0" encoding="UTF-8"?>
<!-- Generated by org.testng.reporters.JUnitReportReporter -->
<testsuite hostname="Geetha" failures="0" tests="1" name="restassuredproj.LoginTekarch2" time="2.305" errors="0" timestamp="2023-06-23T10:04:20 PDT" skipped="0">
  <testcase classname="restassuredproj.LoginTekarch2" name="loginToApi1" time="2.305"/>
  <system-out/>
</testsuite> <!-- restassuredproj.LoginTekarch2 -->
