<?xml version="1.0" encoding="UTF-8"?>
<!-- Generated by org.testng.reporters.JUnitReportReporter -->
<testsuite hostname="Geetha" failures="0" tests="1" name="com.test.simpleCRUD.LoginToApi" time="7.167" errors="0" timestamp="2023-06-25T07:11:13 PDT" skipped="0">
  <testcase classname="com.test.simpleCRUD.LoginToApi" name="login" time="7.167"/>
  <system-out/>
</testsuite> <!-- com.test.simpleCRUD.LoginToApi -->
